e:\000\duilib\duilib\build\debug\duilib.pch
e:\000\duilib\duilib\build\debug\vc120.pdb
e:\000\duilib\duilib\build\debug\vc120.idb
e:\000\duilib\duilib\build\debug\stdafx.obj
e:\000\duilib\duilib\build\debug\uihorizontallayout.obj
e:\000\duilib\duilib\build\debug\uitablayout.obj
e:\000\duilib\duilib\build\debug\uitilelayout.obj
e:\000\duilib\duilib\build\debug\uiverticallayout.obj
e:\000\duilib\duilib\build\debug\uiactivex.obj
e:\000\duilib\duilib\build\debug\uibutton.obj
e:\000\duilib\duilib\build\debug\uicheckbox.obj
e:\000\duilib\duilib\build\debug\uicombo.obj
e:\000\duilib\duilib\build\debug\uidatetime.obj
e:\000\duilib\duilib\build\debug\uiedit.obj
e:\000\duilib\duilib\build\debug\uigifanim.obj
e:\000\duilib\duilib\build\debug\uilabel.obj
e:\000\duilib\duilib\build\debug\uilist.obj
e:\000\duilib\duilib\build\debug\uioption.obj
e:\000\duilib\duilib\build\debug\uiprogress.obj
e:\000\duilib\duilib\build\debug\uirichedit.obj
e:\000\duilib\duilib\build\debug\uiscrollbar.obj
e:\000\duilib\duilib\build\debug\uislider.obj
e:\000\duilib\duilib\build\debug\uitext.obj
e:\000\duilib\duilib\build\debug\uiwebbrowser.obj
e:\000\duilib\duilib\build\debug\uitreeview.obj
e:\000\duilib\duilib\build\debug\uilib.obj
e:\000\duilib\duilib\build\debug\winimplbase.obj
e:\000\duilib\duilib\build\debug\uidelegate.obj
e:\000\duilib\duilib\build\debug\utils.obj
e:\000\duilib\duilib\build\debug\wndshadow.obj
e:\000\duilib\duilib\build\debug\uibase.obj
e:\000\duilib\duilib\build\debug\uicontainer.obj
e:\000\duilib\duilib\build\debug\uicontrol.obj
e:\000\duilib\duilib\build\debug\uidlgbuilder.obj
e:\000\duilib\duilib\build\debug\uimanager.obj
e:\000\duilib\duilib\build\debug\uimarkup.obj
e:\000\duilib\duilib\build\debug\uirender.obj
e:\000\duilib\duilib\build\debug\uichildlayout.obj
e:\000\duilib\duilib\build\debug\stb_image.obj
e:\000\duilib\duilib\build\debug\xunzip.obj
e:\000\duilib\lib\duilib_d.lib
e:\000\duilib\lib\duilib_d.exp
e:\000\duilib\bin\duilib_d.dll
e:\000\duilib\duilib\build\debug\duilib.pdb
e:\000\duilib\duilib\build\debug\duilib.tlog\cl.command.1.tlog
e:\000\duilib\duilib\build\debug\duilib.tlog\cl.read.1.tlog
e:\000\duilib\duilib\build\debug\duilib.tlog\cl.write.1.tlog
e:\000\duilib\duilib\build\debug\duilib.tlog\duilib.write.1u.tlog
e:\000\duilib\duilib\build\debug\duilib.tlog\link.command.1.tlog
e:\000\duilib\duilib\build\debug\duilib.tlog\link.read.1.tlog
e:\000\duilib\duilib\build\debug\duilib.tlog\link.write.1.tlog
